<?xml version="1.0" encoding="UTF-8"?>
<!-- Generated by org.testng.reporters.JUnitXMLReporter -->
<testsuite ignored="0" hostname="LAPTOP-O761MFJJ" failures="0" tests="3" name="Test" time="14.076" errors="0" timestamp="2023-01-30T20:50:02 NPT">
  <testcase classname="com.nopcommerce.tests.registerTest" name="register" time="6.455"/>
  <testcase classname="com.nopcommerce.tests.registerTest" name="register2" time="0.002"/>
  <testcase classname="com.nopcommerce.tests.LoginPageTest" name="loginTest" time="0.0"/>
</testsuite> <!-- Test -->
