<?xml version="1.0" encoding="UTF-8"?>
<!-- Generated by org.testng.reporters.JUnitXMLReporter -->
<testsuite ignored="0" hostname="LAPTOP-O761MFJJ" failures="0" tests="3" name="Test" time="6.176" errors="0" timestamp="2023-02-01T19:33:14 NPT">
  <testcase classname="com.nopcommerce.tests.registerTest" name="register" time="3.054"/>
  <testcase classname="com.nopcommerce.tests.registerTest" name="register2" time="0.001"/>
  <testcase classname="com.nopcommerce.tests.LoginPageTest" name="loginTest" time="0.0"/>
</testsuite> <!-- Test -->
