<?xml version="1.0" encoding="UTF-8"?>
<testng-results ignored="0" total="2" passed="2" failed="0" skipped="0">
  <reporter-output>
  </reporter-output>
  <suite started-at="2023-01-27T16:24:06 NPT" name="Default suite" finished-at="2023-01-27T16:24:07 NPT" duration-ms="1230">
    <groups>
    </groups>
    <test started-at="2023-01-27T16:24:06 NPT" name="Default test" finished-at="2023-01-27T16:24:07 NPT" duration-ms="1230">
      <class name="pages.RegisterPage">
        <test-method is-config="true" signature="SetUp()[pri:0, instance:pages.RegisterPage@6e78fcf5]" started-at="2023-01-27T16:24:06 NPT" name="SetUp" finished-at="2023-01-27T16:24:06 NPT" duration-ms="239" status="PASS">
          <reporter-output>
          </reporter-output>
        </test-method> <!-- SetUp -->
        <test-method signature="ValidRegister()[pri:0, instance:pages.RegisterPage@6e78fcf5]" started-at="2023-01-27T16:24:06 NPT" name="ValidRegister" finished-at="2023-01-27T16:24:07 NPT" duration-ms="561" status="PASS">
          <reporter-output>
          </reporter-output>
        </test-method> <!-- ValidRegister -->
        <test-method signature="LogoTest()[pri:0, instance:pages.RegisterPage@6e78fcf5]" started-at="2023-01-27T16:24:07 NPT" name="LogoTest" finished-at="2023-01-27T16:24:07 NPT" duration-ms="383" status="PASS">
          <reporter-output>
          </reporter-output>
        </test-method> <!-- LogoTest -->
        <test-method is-config="true" signature="TearDown()[pri:0, instance:pages.RegisterPage@6e78fcf5]" started-at="2023-01-27T16:24:07 NPT" name="TearDown" finished-at="2023-01-27T16:24:07 NPT" duration-ms="0" status="PASS">
          <reporter-output>
          </reporter-output>
        </test-method> <!-- TearDown -->
      </class> <!-- pages.RegisterPage -->
    </test> <!-- Default test -->
  </suite> <!-- Default suite -->
</testng-results>
